[2025-10-24T13:26:17.858Z] [ERROR] Échec de connexion : Used disallowed intents
[2025-10-24T13:27:09.619Z] [ERROR] Échec de connexion : Used disallowed intents
[2025-10-24T13:27:19.226Z] [INFO] Connecté en tant que YnovBot#2307
[2025-10-24T13:30:08.992Z] [INFO] Connecté en tant que YnovBot#2307
[2025-10-24T13:30:20.602Z] [SYSTEM] Bot arrêté par twifoo
[2025-10-24T13:31:44.934Z] [INFO] Connecté en tant que YnovBot#2307
[2025-10-24T13:31:48.684Z] [SYSTEM] Déconnexion programmée par twifoo
[2025-10-24T13:32:00.914Z] [SYSTEM] Bot déconnecté après compte à rebours
[2025-10-24T13:36:26.000Z] [INFO] Connecté en tant que YnovBot#2307
[2025-10-24T13:36:53.089Z] [SYSTEM] Déconnexion programmée par twifoo
[2025-10-24T13:37:05.830Z] [SYSTEM] Bot déconnecté après compte à rebours
[2025-10-24T13:37:09.703Z] [INFO] Connecté en tant que YnovBot#2307
[2025-10-24T13:40:02.718Z] [INFO] Connecté en tant que YnovBot#2307
[2025-10-24T13:40:04.807Z] [SYSTEM] Déconnexion programmée par twifoo
[2025-10-24T13:40:26.809Z] [INFO] Connecté en tant que YnovBot#2307
[2025-10-24T13:40:41.802Z] [INFO] Connecté en tant que YnovBot#2307
[2025-10-24T13:41:01.985Z] [INFO] Connecté en tant que YnovBot#2307
[2025-10-24T13:41:03.298Z] [SYSTEM] Déconnexion programmée par twifoo
[2025-10-24T13:41:15.710Z] [SYSTEM] Bot déconnecté après compte à rebours
[2025-10-24T13:42:54.021Z] [INFO] Connecté en tant que YnovBot#2307
[2025-10-24T13:46:37.960Z] [API] Serveur REST en écoute sur le port 3000
[2025-10-24T13:46:39.099Z] [INFO] Connecté en tant que YnovBot#2307
[2025-10-24T13:46:43.399Z] [API] Arrêt demandé depuis le GUI.
[2025-10-24T13:46:57.704Z] [API] Serveur REST en écoute sur le port 3000
[2025-10-24T13:46:58.952Z] [INFO] Connecté en tant que YnovBot#2307
[2025-10-24T13:47:06.833Z] [API] Arrêt demandé depuis le GUI.
[2025-10-24T13:47:13.181Z] [API] Serveur REST en écoute sur le port 3000
[2025-10-24T13:47:13.579Z] [API] Arrêt demandé depuis le GUI.
[2025-10-24T13:47:20.272Z] [API] Serveur REST en écoute sur le port 3000
[2025-10-24T13:47:21.218Z] [INFO] Connecté en tant que YnovBot#2307
[2025-10-24T13:47:24.629Z] [API] Arrêt demandé depuis le GUI.
[2025-10-24T13:52:47.186Z] [API] Serveur REST en écoute sur le port 3000
[2025-10-24T13:52:48.064Z] [INFO] Connecté en tant que YnovBot#2307
[2025-10-24T14:25:43.328Z] [API] Arrêt demandé depuis le GUI.
[2025-10-24T14:25:47.440Z] [API] Serveur REST en écoute sur le port 3000
[2025-10-24T14:25:48.210Z] [INFO] Connecté en tant que YnovBot#2307
